<?xml version="1.0" encoding="UTF-8"?>
<!-- Generated by org.testng.reporters.JUnitXMLReporter -->
<testsuite ignored="0" hostname="PIXMAC-L1PTHTDF.internal.pixacore.com" failures="0" tests="4" name="Test" time="15.51" errors="0" timestamp="08 Jan 2019 20:00:53 GMT">
  <testcase classname="homePage.NewsAndEvents" name="LogIn" time="2.357"/>
  <testcase classname="logIn.EnterSite" name="LogIn" time="3.08"/>
  <testcase classname="sharedInitiatives.TopicFilters" name="LogIn" time="2.752"/>
  <testcase classname="homePage.NewsAndEvents" name="NewsAndEvent" time="0.099"/>
</testsuite> <!-- Test -->
