<?xml version="1.0" encoding="UTF-8"?>
<!-- Generated by org.testng.reporters.JUnitXMLReporter -->
<testsuite hostname="PIXMAC-L1PTHTDF.internal.pixacore.com" ignored="0" name="Test" tests="10" failures="0" timestamp="18 Jan 2019 16:51:32 GMT" time="48.122" errors="0">
  <testcase name="LogIn" time="3.589" classname="homePage.NewsAndEvents"/>
  <testcase name="LogIn" time="4.162" classname="homePage.EnterSite"/>
  <testcase name="LogIn" time="4.307" classname="homePage.TopicFilters"/>
  <testcase name="NewsAndEvent" time="0.095" classname="homePage.NewsAndEvents"/>
  <testcase name="accept" time="1.088" classname="homePage.EnterSite"/>
  <testcase name="topic" time="2.495" classname="homePage.TopicFilters"/>
  <testcase name="topicFilters" time="0.179" classname="homePage.TopicFilters"/>
  <testcase name="initiatives" time="14.235" classname="homePage.EnterSite"/>
  <testcase name="Select_Topic" time="1.626" classname="homePage.TopicFilters"/>
  <testcase name="Download_Presentaions" time="20.036" classname="homePage.EnterSite"/>
</testsuite> <!-- Test -->
