<?xml version="1.0" encoding="UTF-8"?>
<testng-results skipped="0" failed="0" ignored="0" total="2" passed="2">
  <reporter-output>
  </reporter-output>
  <suite name="homePage.NewsAndEvents" duration-ms="4714" started-at="2019-01-08T20:51:02Z" finished-at="2019-01-08T20:51:07Z">
    <groups>
    </groups>
    <test name="Command line test" duration-ms="4714" started-at="2019-01-08T20:51:02Z" finished-at="2019-01-08T20:51:07Z">
      <class name="homePage.NewsAndEvents">
        <test-method status="PASS" signature="OpenBrowser()[pri:0, instance:homePage.NewsAndEvents@4909b8da]" name="OpenBrowser" is-config="true" duration-ms="2417" started-at="2019-01-08T20:51:02Z" finished-at="2019-01-08T20:51:05Z">
          <reporter-output>
          </reporter-output>
        </test-method> <!-- OpenBrowser -->
        <test-method status="PASS" signature="LogIn()[pri:1, instance:homePage.NewsAndEvents@4909b8da]" name="LogIn" duration-ms="2199" started-at="2019-01-08T20:51:05Z" finished-at="2019-01-08T20:51:07Z">
          <reporter-output>
          </reporter-output>
        </test-method> <!-- LogIn -->
        <test-method status="PASS" signature="NewsAndEvent()[pri:2, instance:homePage.NewsAndEvents@4909b8da]" name="NewsAndEvent" duration-ms="85" started-at="2019-01-08T20:51:07Z" finished-at="2019-01-08T20:51:07Z">
          <reporter-output>
          </reporter-output>
        </test-method> <!-- NewsAndEvent -->
      </class> <!-- homePage.NewsAndEvents -->
    </test> <!-- Command line test -->
  </suite> <!-- homePage.NewsAndEvents -->
</testng-results>
